\BOOKMARK [1][-]{section.1}{\376\377\225\356\230\230\200\314\146\157}{}% 1
\BOOKMARK [1][-]{section.2}{\376\377\225\356\230\230\122\006\147\220\116\016\170\024\172\166\150\106\147\266}{}% 2
\BOOKMARK [2][-]{subsection.2.1}{\376\377\224\210\133\371\225\356\230\230\116\000\166\204\122\006\147\220\377\032\123\125\116\000\154\141\147\323\162\151\116\016\137\161\124\315\126\340\133\120\166\204\121\163\200\124\140\047\170\024\172\166}{section.2}% 3
\BOOKMARK [2][-]{subsection.2.2}{\376\377\224\210\133\371\225\356\230\230\116\214\166\204\122\006\147\220\377\032\131\032\154\141\147\323\162\151\123\117\124\014\123\330\123\026\211\304\137\213\166\204\230\204\155\113\136\372\152\041}{section.2}% 4
\BOOKMARK [2][-]{subsection.2.3}{\376\377\224\210\133\371\225\356\230\230\116\011\166\204\122\006\147\220\377\032\172\172\154\024\215\050\221\317\122\006\176\247\116\016\155\073\122\250\136\372\213\256\121\263\173\126\152\041\127\213}{section.2}% 5
\BOOKMARK [2][-]{subsection.2.4}{\376\377\170\024\172\166\150\106\147\266}{section.2}% 6
\BOOKMARK [1][-]{section.3}{\376\377\152\041\127\213\120\107\213\276}{}% 7
\BOOKMARK [1][-]{section.4}{\376\377\152\041\127\213\136\372\172\313}{}% 8
\BOOKMARK [2][-]{subsection.4.1}{\376\377\145\160\143\156\230\204\131\004\164\006}{section.4}% 9
\BOOKMARK [3][-]{subsubsection.4.1.1}{\376\377\137\002\136\070\120\074\150\300\155\113\116\016\145\160\143\156\156\005\155\027}{subsection.4.1}% 10
\BOOKMARK [3][-]{subsubsection.4.1.2}{\376\377\162\171\137\201\143\320\123\326\135\345\172\013}{subsection.4.1}% 11
\BOOKMARK [3][-]{subsubsection.4.1.3}{\376\377\145\160\143\156\137\122\116\000\123\026\116\016\145\160\143\156\226\306\122\022\122\006}{subsection.4.1}% 12
\BOOKMARK [2][-]{subsection.4.2}{\376\377\225\356\230\230\116\000\377\032\123\125\116\000\154\141\147\323\162\151\116\016\137\161\124\315\126\340\133\120\166\204\121\163\174\373\122\006\147\220}{section.4}% 13
\BOOKMARK [3][-]{subsubsection.4.2.1}{\376\377\000Z\000-\000s\000c\000o\000r\000e\000\040\150\007\121\306\123\026\137\122\116\000\123\026}{subsection.4.2}% 14
\BOOKMARK [3][-]{subsubsection.4.2.2}{\376\377\154\141\147\323\162\151\155\123\136\246\226\217\145\366\225\364\123\330\123\026\166\204\211\304\137\213\122\006\147\220}{subsection.4.2}% 15
\BOOKMARK [3][-]{subsubsection.4.2.3}{\376\377\124\150\123\330\123\026\116\016\147\010\136\246\123\330\123\026\211\304\137\213}{subsection.4.2}% 16
\BOOKMARK [3][-]{subsubsection.4.2.4}{\376\377\156\051\136\246\116\016\156\177\136\246\133\371\154\141\147\323\162\151\155\123\136\246\166\204\232\161\122\250\147\072\122\066\122\006\147\220}{subsection.4.2}% 17
\BOOKMARK [3][-]{subsubsection.4.2.5}{\376\377\156\051\156\177\136\246\137\161\124\315\166\204\156\336\124\016\145\110\136\224\122\006\147\220}{subsection.4.2}% 18
\BOOKMARK [2][-]{subsection.4.3}{\376\377\225\356\230\230\116\214\377\032\136\372\172\313\000\040\000B\000i\000L\000S\000T\000M\000\040\000+\000\040\000X\000G\000B\000o\000o\000s\000t\000\040\176\247\200\124\207\215\124\010\152\041\127\213}{section.4}% 19
\BOOKMARK [3][-]{subsubsection.4.3.1}{\376\377\200\124\124\010\136\372\152\041\220\073\217\221}{subsection.4.3}% 20
\BOOKMARK [3][-]{subsubsection.4.3.2}{\376\377\131\032\166\356\150\007\230\204\155\113\217\375\216\052\122\006\147\220\116\016\123\357\227\140\140\047\232\214\213\301}{subsection.4.3}% 21
\BOOKMARK [3][-]{subsubsection.4.3.3}{\376\377\121\150\134\100\162\171\137\201\221\315\211\201\140\047\211\304\137\213\147\072\122\066\143\320\123\326}{subsection.4.3}% 22
\BOOKMARK [3][-]{subsubsection.4.3.4}{\376\377\127\372\116\216\000\040\000S\000H\000A\000P\000\040\137\122\126\340\164\006\213\272\166\204\154\141\147\323\162\151\123\117\124\014\123\330\123\026\147\072\122\066\211\343\225\001}{subsection.4.3}% 23
\BOOKMARK [2][-]{subsection.4.4}{\376\377\225\356\230\230\116\011\377\032\230\204\155\113\152\041\127\213\116\016\127\372\116\216\126\375\133\266\150\007\121\306\166\204\172\172\154\024\215\050\221\317\122\006\176\247\152\041\127\213}{section.4}% 24
\BOOKMARK [3][-]{subsubsection.4.4.1}{\376\377\172\172\154\024\215\050\221\317\122\006\176\247\146\040\134\004\152\041\127\213\166\204\136\372\172\313}{subsection.4.4}% 25
\BOOKMARK [3][-]{subsubsection.4.4.2}{\376\377\127\372\116\216\131\032\176\364\163\257\130\203\141\037\167\345\167\351\226\065\166\204\150\041\126\355\120\145\136\267\165\037\155\073\121\263\173\126\152\041\127\213}{subsection.4.4}% 26
\BOOKMARK [1][-]{section.5}{\376\377\152\041\127\213\176\323\147\234\122\006\147\220}{}% 27
\BOOKMARK [2][-]{subsection.5.1}{\376\377\230\204\155\113\174\276\136\246\116\016\142\337\124\010\145\110\147\234\213\304\117\060}{section.5}% 28
\BOOKMARK [2][-]{subsection.5.2}{\376\377\162\171\137\201\221\315\211\201\140\047\116\016\162\151\164\006\147\072\122\066\211\343\213\373}{section.5}% 29
\BOOKMARK [1][-]{section.6}{\376\377\140\073\176\323}{}% 30
\BOOKMARK [2][-]{subsection.6.1}{\376\377\152\041\127\213\123\357\211\343\221\312\140\047\116\016\123\117\124\014\123\330\123\026\211\304\137\213}{section.6}% 31
\BOOKMARK [2][-]{subsection.6.2}{\376\377\152\041\127\213\134\100\226\120\140\047\116\016\145\071\217\333\145\271\124\021}{section.6}% 32
\BOOKMARK [1][-]{section.7}{\376\377\123\302\200\003\145\207\163\056}{}% 33
\BOOKMARK [1][-]{section.8}{\376\377\116\272\135\345\146\172\200\375\135\345\121\167\117\177\165\050\142\245\124\112}{}% 34
\BOOKMARK [2][-]{subsection.8.1}{\376\377\225\356\230\230\116\000}{section.8}% 35
\BOOKMARK [2][-]{subsection.8.2}{\376\377\225\356\230\230\116\214}{section.8}% 36
\BOOKMARK [1][-]{section.9}{\376\377\226\104\137\125}{}% 37
\BOOKMARK [2][-]{subsection.9.1}{\376\377\145\057\144\221\145\207\116\366\122\027\210\150}{section.9}% 38
\BOOKMARK [2][-]{subsection.9.2}{\376\377\126\376\210\150\154\107\140\073}{section.9}% 39
